2021-04-13 20:44:41 INFO  ProjectStartupHandler.runActivity(74) - ---------- Project opened ----------
2021-04-13 20:44:41 INFO  ProjectStartupHandler.runActivity(75) - ---------- Version 3.47 ----------

2021-04-13 20:44:41 INFO  ApacheHttpClient.isSessionAppropriateWithSecretKey(602) - Waiting for server response.
2021-04-13 20:44:41 INFO  ApacheHttpClient.refreshUserInfo(305) - responseCode = 200
2021-04-13 20:44:41 INFO  ApacheHttpClient.refreshUserInfo(311) - User information received.
2021-04-13 20:44:41 INFO  ApacheHttpClient.startGA(36) - GAService started.
2021-04-13 20:44:41 WARN  PluginUtil.isProjectStructureCorrect(374) - The project structure is invalid.
com.homework.plugin.analytics.PluginWarningException: warning
	at com.homework.plugin.PluginUtil.isProjectStructureCorrect(PluginUtil.java:374)
	at com.homework.plugin.service.EventsService.startService(EventsService.java:33)
	at com.homework.plugin.extension.ProjectStartupHandler.runActivity(ProjectStartupHandler.java:133)
	at com.intellij.ide.startup.impl.StartupManagerImpl.runStartupActivity(StartupManagerImpl.java:329)
	at com.intellij.ide.startup.impl.StartupManagerImpl.runActivity(StartupManagerImpl.java:303)
	at com.intellij.ide.startup.impl.StartupManagerImpl.lambda$runPostStartupActivities$3(StartupManagerImpl.java:239)
	at com.intellij.openapi.project.DumbServiceImpl.doRun(DumbServiceImpl.java:399)
	at com.intellij.openapi.project.DumbServiceImpl.updateFinished(DumbServiceImpl.java:391)
	at com.intellij.openapi.project.TrackedEdtActivityService$TrackedEdtActivity.run(TrackedEdtActivityService.java:100)
	at com.intellij.openapi.application.TransactionGuardImpl.runWithWritingAllowed(TransactionGuardImpl.java:216)
	at com.intellij.openapi.application.TransactionGuardImpl.access$200(TransactionGuardImpl.java:24)
	at com.intellij.openapi.application.TransactionGuardImpl$2.run(TransactionGuardImpl.java:199)
	at com.intellij.openapi.application.impl.ApplicationImpl.runIntendedWriteActionOnCurrentThread(ApplicationImpl.java:822)
	at com.intellij.openapi.application.impl.ApplicationImpl.lambda$invokeLater$4(ApplicationImpl.java:324)
	at com.intellij.openapi.application.impl.FlushQueue.doRun(FlushQueue.java:85)
	at com.intellij.openapi.application.impl.FlushQueue.runNextEvent(FlushQueue.java:134)
	at com.intellij.openapi.application.impl.FlushQueue.flushNow(FlushQueue.java:47)
	at com.intellij.openapi.application.impl.FlushQueue$FlushNow.run(FlushQueue.java:190)
	at java.desktop/java.awt.event.InvocationEvent.dispatch(InvocationEvent.java:313)
	at java.desktop/java.awt.EventQueue.dispatchEventImpl(EventQueue.java:776)
	at java.desktop/java.awt.EventQueue$4.run(EventQueue.java:727)
	at java.desktop/java.awt.EventQueue$4.run(EventQueue.java:721)
	at java.base/java.security.AccessController.doPrivileged(Native Method)
	at java.base/java.security.ProtectionDomain$JavaSecurityAccessImpl.doIntersectionPrivilege(ProtectionDomain.java:85)
	at java.desktop/java.awt.EventQueue.dispatchEvent(EventQueue.java:746)
	at com.intellij.ide.IdeEventQueue.defaultDispatchEvent(IdeEventQueue.java:976)
	at com.intellij.ide.IdeEventQueue._dispatchEvent(IdeEventQueue.java:843)
	at com.intellij.ide.IdeEventQueue.lambda$dispatchEvent$8(IdeEventQueue.java:454)
	at com.intellij.openapi.progress.impl.CoreProgressManager.computePrioritized(CoreProgressManager.java:773)
	at com.intellij.ide.IdeEventQueue.lambda$dispatchEvent$9(IdeEventQueue.java:453)
	at com.intellij.openapi.application.impl.ApplicationImpl.runIntendedWriteActionOnCurrentThread(ApplicationImpl.java:822)
	at com.intellij.ide.IdeEventQueue.dispatchEvent(IdeEventQueue.java:501)
	at java.desktop/java.awt.EventDispatchThread.pumpOneEventForFilters(EventDispatchThread.java:203)
	at java.desktop/java.awt.EventDispatchThread.pumpEventsForFilter(EventDispatchThread.java:124)
	at java.desktop/java.awt.EventDispatchThread.pumpEventsForHierarchy(EventDispatchThread.java:113)
	at java.desktop/java.awt.EventDispatchThread.pumpEvents(EventDispatchThread.java:109)
	at java.desktop/java.awt.EventDispatchThread.pumpEvents(EventDispatchThread.java:101)
	at java.desktop/java.awt.EventDispatchThread.run(EventDispatchThread.java:90)
